<?xml version="1.0" encoding="UTF-8"?>
<testsuite xmlns:xsi="http://www.w3.org/2001/XMLSchema-instance" xsi:noNamespaceSchemaLocation="https://maven.apache.org/surefire/maven-surefire-plugin/xsd/surefire-test-report.xsd" version="3.0.2" name="com.bank.mswallet.service.WalletServiceTest" time="4.376" tests="7" errors="0" skipped="0" failures="0">
  <properties>
[...]
</properties>
  <testcase name="delete_missingWallet_returnsFalse" classname="com.bank.mswallet.service.WalletServiceTest" time="4.135">
    <system-err><![CDATA[Mockito is currently self-attaching to enable the inline-mock-maker. This will no longer work in future releases of the JDK. Please add Mockito as an agent to your build what is described in Mockito's documentation: https://javadoc.io/doc/org.mockito/mockito-core/latest/org/mockito/Mockito.html#0.3
WARNING: A Java agent has been loaded dynamically (C:\Users\jobenite\.m2\repository\net\bytebuddy\byte-buddy-agent\1.15.11\byte-buddy-agent-1.15.11.jar)
WARNING: If a serviceability tool is in use, please run with -XX:+EnableDynamicAgentLoading to hide this warning
WARNING: If a serviceability tool is not in use, please run with -Djdk.instrument.traceUsage for more information
WARNING: Dynamic loading of agents will be disallowed by default in a future release
]]></system-err>
  </testcase>
  <testcase name="sendPayment_validAmount_publishesEvent" classname="com.bank.mswallet.service.WalletServiceTest" time="0.084"/>
  <testcase name="delete_existingWallet_returnsTrue" classname="com.bank.mswallet.service.WalletServiceTest" time="0.037"/>
  <testcase name="findById_returnsWallet" classname="com.bank.mswallet.service.WalletServiceTest" time="0.017"/>
  <testcase name="findAll_returnsWallets" classname="com.bank.mswallet.service.WalletServiceTest" time="0.008"/>
  <testcase name="registerWallet_success" classname="com.bank.mswallet.service.WalletServiceTest" time="0.012"/>
  <testcase name="update_existingWallet_savesChanges" classname="com.bank.mswallet.service.WalletServiceTest" time="0.009"/>
</testsuite>